<?xml version="1.0" encoding="UTF-8"?>
<!-- Generated by org.testng.reporters.JUnitReportReporter -->
<testsuite skipped="0" hostname="sudhakarwin" name="com.cuc.steps.OhrmRunner" tests="2" failures="0" timestamp="25 Aug 2019 10:19:00 GMT" time="20.516" errors="0">
  <testcase name="runScenario" time="10.926" classname="com.cuc.steps.OhrmRunner"/>
  <testcase name="runScenario" time="9.590" classname="com.cuc.steps.OhrmRunner"/>
</testsuite> <!-- com.cuc.steps.OhrmRunner -->
